  stack1test.cpp
f:\cplusplus\projects\templatetests\02classtemplate\stack1test.cpp(11): error C3646: “t”: 未知重写说明符
  f:\cplusplus\projects\templatetests\02classtemplate\stack1test.cpp(17): note: 参见对正在编译的 类 模板 实例化 "xx<T1,T2>" 的引用
f:\cplusplus\projects\templatetests\02classtemplate\stack1test.cpp(11): error C4430: 缺少类型说明符 - 假定为 int。注意: C++ 不支持默认 int
f:\cplusplus\projects\templatetests\02classtemplate\stack1test.cpp(15): error C3861: “t”: 找不到标识符
f:\cplusplus\projects\templatetests\02classtemplate\stack1test.cpp(28): error C2039: “t”: 不是“xx<int,std::string>”的成员
  f:\cplusplus\projects\templatetests\02classtemplate\stack1test.cpp(27): note: 参见“xx<int,std::string>”的声明
f:\cplusplus\projects\templatetests\02classtemplate\stack1test.cpp(29): error C2039: “t”: 不是“xx<int,std::string>”的成员
  f:\cplusplus\projects\templatetests\02classtemplate\stack1test.cpp(27): note: 参见“xx<int,std::string>”的声明
